{"/Users/ElvisO/Workspace/lendsqr/src/index.ts": {"path":"/Users/ElvisO/Workspace/lendsqr/src/index.ts","statementMap":{"0":{"start":{"line":1,"column":0},"end":{"line":1,"column":22}},"1":{"start":{"line":2,"column":0},"end":{"line":2,"column":44}},"2":{"start":{"line":3,"column":0},"end":{"line":3,"column":29}},"3":{"start":{"line":5,"column":24},"end":{"line":5,"column":33}},"4":{"start":{"line":7,"column":0},"end":{"line":7,"column":null}},"5":{"start":{"line":8,"column":0},"end":{"line":8,"column":null}},"6":{"start":{"line":9,"column":0},"end":{"line":9,"column":null}},"7":{"start":{"line":11,"column":0},"end":{"line":11,"column":null}}},"fnMap":{},"branchMap":{},"s":{"0":3,"1":3,"2":3,"3":3,"4":3,"5":3,"6":3,"7":3},"f":{},"b":{}}
,"/Users/ElvisO/Workspace/lendsqr/src/routes.ts": {"path":"/Users/ElvisO/Workspace/lendsqr/src/routes.ts","statementMap":{"0":{"start":{"line":1,"column":0},"end":{"line":1,"column":29}},"1":{"start":{"line":2,"column":15},"end":{"line":2,"column":31}},"2":{"start":{"line":4,"column":0},"end":{"line":4,"column":null}},"3":{"start":{"line":7,"column":0},"end":{"line":7,"column":56}},"4":{"start":{"line":9,"column":0},"end":{"line":9,"column":61}},"5":{"start":{"line":10,"column":0},"end":{"line":10,"column":64}},"6":{"start":{"line":11,"column":0},"end":{"line":11,"column":66}},"7":{"start":{"line":12,"column":0},"end":{"line":12,"column":75}},"8":{"start":{"line":13,"column":0},"end":{"line":13,"column":63}},"9":{"start":{"line":14,"column":0},"end":{"line":14,"column":81}},"10":{"start":{"line":15,"column":0},"end":{"line":15,"column":71}},"11":{"start":{"line":17,"column":0},"end":{"line":17,"column":null}},"12":{"start":{"line":18,"column":0},"end":{"line":18,"column":null}},"13":{"start":{"line":19,"column":0},"end":{"line":19,"column":null}},"14":{"start":{"line":20,"column":0},"end":{"line":20,"column":null}},"15":{"start":{"line":21,"column":0},"end":{"line":21,"column":null}},"16":{"start":{"line":22,"column":0},"end":{"line":22,"column":null}},"17":{"start":{"line":23,"column":0},"end":{"line":23,"column":null}},"18":{"start":{"line":25,"column":0},"end":{"line":25,"column":null}}},"fnMap":{},"branchMap":{},"s":{"0":3,"1":3,"2":3,"3":3,"4":3,"5":3,"6":3,"7":3,"8":3,"9":3,"10":3,"11":3,"12":3,"13":3,"14":3,"15":3,"16":3,"17":3,"18":3},"f":{},"b":{}}
,"/Users/ElvisO/Workspace/lendsqr/src/config/axios-paystack.ts": {"path":"/Users/ElvisO/Workspace/lendsqr/src/config/axios-paystack.ts","statementMap":{"0":{"start":{"line":1,"column":0},"end":{"line":1,"column":25}},"1":{"start":{"line":3,"column":13},"end":{"line":8,"column":null}}},"fnMap":{},"branchMap":{},"s":{"0":3,"1":3},"f":{},"b":{}}
,"/Users/ElvisO/Workspace/lendsqr/src/config/rabbitmq.ts": {"path":"/Users/ElvisO/Workspace/lendsqr/src/config/rabbitmq.ts","statementMap":{"0":{"start":{"line":1,"column":0},"end":{"line":1,"column":29}},"1":{"start":{"line":2,"column":15},"end":{"line":2,"column":50}},"2":{"start":{"line":3,"column":0},"end":{"line":3,"column":44}},"3":{"start":{"line":10,"column":8},"end":{"line":10,"column":null}},"4":{"start":{"line":19,"column":8},"end":{"line":27,"column":null}},"5":{"start":{"line":20,"column":34},"end":{"line":20,"column":54}},"6":{"start":{"line":21,"column":28},"end":{"line":21,"column":48}},"7":{"start":{"line":22,"column":12},"end":{"line":22,"column":null}},"8":{"start":{"line":23,"column":12},"end":{"line":23,"column":null}},"9":{"start":{"line":24,"column":12},"end":{"line":24,"column":null}},"10":{"start":{"line":26,"column":12},"end":{"line":26,"column":null}},"11":{"start":{"line":35,"column":8},"end":{"line":49,"column":null}},"12":{"start":{"line":36,"column":28},"end":{"line":36,"column":48}},"13":{"start":{"line":37,"column":12},"end":{"line":37,"column":null}},"14":{"start":{"line":38,"column":12},"end":{"line":46,"column":null}},"15":{"start":{"line":39,"column":16},"end":{"line":45,"column":null}},"16":{"start":{"line":40,"column":33},"end":{"line":40,"column":71}},"17":{"start":{"line":42,"column":20},"end":{"line":42,"column":null}},"18":{"start":{"line":43,"column":20},"end":{"line":43,"column":null}},"19":{"start":{"line":44,"column":20},"end":{"line":44,"column":null}},"20":{"start":{"line":48,"column":12},"end":{"line":48,"column":null}},"21":{"start":{"line":5,"column":0},"end":{"line":5,"column":21}}},"fnMap":{"0":{"name":"(anonymous_8)","decl":{"start":{"line":9,"column":12},"end":{"line":9,"column":18}},"loc":{"start":{"line":9,"column":32},"end":{"line":11,"column":null}}},"1":{"name":"(anonymous_10)","decl":{"start":{"line":18,"column":11},"end":{"line":18,"column":17}},"loc":{"start":{"line":18,"column":60},"end":{"line":28,"column":null}}},"2":{"name":"(anonymous_12)","decl":{"start":{"line":34,"column":11},"end":{"line":34,"column":17}},"loc":{"start":{"line":34,"column":60},"end":{"line":50,"column":null}}},"3":{"name":"(anonymous_14)","decl":{"start":{"line":38,"column":37},"end":{"line":38,"column":38}},"loc":{"start":{"line":38,"column":48},"end":{"line":46,"column":13}}}},"branchMap":{"0":{"loc":{"start":{"line":39,"column":16},"end":{"line":45,"column":null}},"type":"if","locations":[{"start":{"line":39,"column":16},"end":{"line":45,"column":null}}]}},"s":{"0":2,"1":2,"2":2,"3":0,"4":0,"5":0,"6":0,"7":0,"8":0,"9":0,"10":0,"11":0,"12":0,"13":0,"14":0,"15":0,"16":0,"17":0,"18":0,"19":0,"20":0,"21":2},"f":{"0":0,"1":0,"2":0,"3":0},"b":{"0":[0]}}
,"/Users/ElvisO/Workspace/lendsqr/src/controllers/CreateAccountController.ts": {"path":"/Users/ElvisO/Workspace/lendsqr/src/controllers/CreateAccountController.ts","statementMap":{"0":{"start":{"line":2,"column":0},"end":{"line":2,"column":27}},"1":{"start":{"line":3,"column":0},"end":{"line":3,"column":49}},"2":{"start":{"line":4,"column":0},"end":{"line":4,"column":31}},"3":{"start":{"line":14,"column":8},"end":{"line":47,"column":null}},"4":{"start":{"line":15,"column":37},"end":{"line":15,"column":100}},"5":{"start":{"line":17,"column":12},"end":{"line":19,"column":null}},"6":{"start":{"line":17,"column":34},"end":{"line":19,"column":null}},"7":{"start":{"line":21,"column":27},"end":{"line":23,"column":14}},"8":{"start":{"line":25,"column":12},"end":{"line":34,"column":null}},"9":{"start":{"line":26,"column":16},"end":{"line":33,"column":null}},"10":{"start":{"line":36,"column":12},"end":{"line":39,"column":null}},"11":{"start":{"line":41,"column":12},"end":{"line":41,"column":null}},"12":{"start":{"line":43,"column":12},"end":{"line":46,"column":null}},"13":{"start":{"line":6,"column":0},"end":{"line":6,"column":21}}},"fnMap":{"0":{"name":"(anonymous_8)","decl":{"start":{"line":13,"column":11},"end":{"line":13,"column":17}},"loc":{"start":{"line":13,"column":58},"end":{"line":48,"column":null}}}},"branchMap":{"0":{"loc":{"start":{"line":17,"column":12},"end":{"line":19,"column":null}},"type":"if","locations":[{"start":{"line":17,"column":12},"end":{"line":19,"column":null}}]},"1":{"loc":{"start":{"line":25,"column":12},"end":{"line":34,"column":null}},"type":"if","locations":[{"start":{"line":25,"column":12},"end":{"line":34,"column":null}}]}},"s":{"0":3,"1":3,"2":3,"3":0,"4":0,"5":0,"6":0,"7":0,"8":0,"9":0,"10":0,"11":0,"12":0,"13":3},"f":{"0":0},"b":{"0":[0],"1":[0]}}
,"/Users/ElvisO/Workspace/lendsqr/src/controllers/HealthCheckController.ts": {"path":"/Users/ElvisO/Workspace/lendsqr/src/controllers/HealthCheckController.ts","statementMap":{"0":{"start":{"line":5,"column":8},"end":{"line":8,"column":null}},"1":{"start":{"line":3,"column":0},"end":{"line":3,"column":21}}},"fnMap":{"0":{"name":"(anonymous_7)","decl":{"start":{"line":4,"column":11},"end":{"line":4,"column":17}},"loc":{"start":{"line":4,"column":57},"end":{"line":9,"column":null}}}},"branchMap":{},"s":{"0":1,"1":3},"f":{"0":1},"b":{}}
,"/Users/ElvisO/Workspace/lendsqr/src/controllers/InternalTransferController.ts": {"path":"/Users/ElvisO/Workspace/lendsqr/src/controllers/InternalTransferController.ts","statementMap":{"0":{"start":{"line":2,"column":0},"end":{"line":2,"column":29}},"1":{"start":{"line":3,"column":0},"end":{"line":3,"column":39}},"2":{"start":{"line":5,"column":0},"end":{"line":5,"column":31}},"3":{"start":{"line":9,"column":2},"end":{"line":56,"column":null}},"4":{"start":{"line":11,"column":29},"end":{"line":11,"column":37}},"5":{"start":{"line":12,"column":32},"end":{"line":12,"column":44}},"6":{"start":{"line":13,"column":26},"end":{"line":13,"column":35}},"7":{"start":{"line":14,"column":15},"end":{"line":14,"column":40}},"8":{"start":{"line":16,"column":3},"end":{"line":47,"column":null}},"9":{"start":{"line":16,"column":38},"end":{"line":47,"column":5}},"10":{"start":{"line":17,"column":33},"end":{"line":19,"column":30}},"11":{"start":{"line":21,"column":4},"end":{"line":25,"column":null}},"12":{"start":{"line":22,"column":5},"end":{"line":24,"column":null}},"13":{"start":{"line":28,"column":17},"end":{"line":28,"column":65}},"14":{"start":{"line":31,"column":4},"end":{"line":37,"column":null}},"15":{"start":{"line":40,"column":4},"end":{"line":46,"column":null}},"16":{"start":{"line":49,"column":3},"end":{"line":51,"column":null}},"17":{"start":{"line":53,"column":3},"end":{"line":55,"column":null}},"18":{"start":{"line":7,"column":0},"end":{"line":7,"column":21}}},"fnMap":{"0":{"name":"(anonymous_8)","decl":{"start":{"line":8,"column":8},"end":{"line":8,"column":14}},"loc":{"start":{"line":8,"column":53},"end":{"line":57,"column":null}}},"1":{"name":"(anonymous_10)","decl":{"start":{"line":16,"column":24},"end":{"line":16,"column":31}},"loc":{"start":{"line":16,"column":38},"end":{"line":47,"column":5}}},"2":{"name":"(anonymous_11)","decl":{"start":{"line":16,"column":38},"end":{"line":16,"column":null}},"loc":{"start":{"line":16,"column":38},"end":{"line":47,"column":4}}}},"branchMap":{"0":{"loc":{"start":{"line":21,"column":4},"end":{"line":25,"column":null}},"type":"if","locations":[{"start":{"line":21,"column":4},"end":{"line":25,"column":null}}]}},"s":{"0":3,"1":3,"2":3,"3":0,"4":0,"5":0,"6":0,"7":0,"8":0,"9":0,"10":0,"11":0,"12":0,"13":0,"14":0,"15":0,"16":0,"17":0,"18":3},"f":{"0":0,"1":0,"2":0},"b":{"0":[0]}}
,"/Users/ElvisO/Workspace/lendsqr/src/controllers/WebhookController.ts": {"path":"/Users/ElvisO/Workspace/lendsqr/src/controllers/WebhookController.ts","statementMap":{"0":{"start":{"line":2,"column":0},"end":{"line":2,"column":27}},"1":{"start":{"line":3,"column":0},"end":{"line":3,"column":27}},"2":{"start":{"line":4,"column":0},"end":{"line":4,"column":44}},"3":{"start":{"line":5,"column":0},"end":{"line":5,"column":null}},"4":{"start":{"line":9,"column":8},"end":{"line":26,"column":null}},"5":{"start":{"line":10,"column":24},"end":{"line":10,"column":32}},"6":{"start":{"line":11,"column":30},"end":{"line":11,"column":57}},"7":{"start":{"line":12,"column":12},"end":{"line":12,"column":null}},"8":{"start":{"line":12,"column":27},"end":{"line":12,"column":null}},"9":{"start":{"line":14,"column":25},"end":{"line":14,"column":106}},"10":{"start":{"line":16,"column":12},"end":{"line":20,"column":null}},"11":{"start":{"line":18,"column":37},"end":{"line":18,"column":73}},"12":{"start":{"line":19,"column":16},"end":{"line":19,"column":null}},"13":{"start":{"line":19,"column":33},"end":{"line":19,"column":null}},"14":{"start":{"line":23,"column":12},"end":{"line":25,"column":null}},"15":{"start":{"line":7,"column":0},"end":{"line":7,"column":21}}},"fnMap":{"0":{"name":"(anonymous_8)","decl":{"start":{"line":8,"column":11},"end":{"line":8,"column":17}},"loc":{"start":{"line":8,"column":59},"end":{"line":27,"column":null}}}},"branchMap":{"0":{"loc":{"start":{"line":12,"column":12},"end":{"line":12,"column":null}},"type":"if","locations":[{"start":{"line":12,"column":12},"end":{"line":12,"column":null}}]},"1":{"loc":{"start":{"line":16,"column":12},"end":{"line":20,"column":null}},"type":"if","locations":[{"start":{"line":16,"column":12},"end":{"line":20,"column":null}}]},"2":{"loc":{"start":{"line":19,"column":16},"end":{"line":19,"column":null}},"type":"if","locations":[{"start":{"line":19,"column":16},"end":{"line":19,"column":null}}]}},"s":{"0":3,"1":3,"2":3,"3":3,"4":0,"5":0,"6":0,"7":0,"8":0,"9":0,"10":0,"11":0,"12":0,"13":0,"14":0,"15":3},"f":{"0":0},"b":{"0":[0],"1":[0],"2":[0]}}
,"/Users/ElvisO/Workspace/lendsqr/src/controllers/WithdrawalsController.ts": {"path":"/Users/ElvisO/Workspace/lendsqr/src/controllers/WithdrawalsController.ts","statementMap":{"0":{"start":{"line":2,"column":0},"end":{"line":2,"column":29}},"1":{"start":{"line":3,"column":0},"end":{"line":3,"column":51}},"2":{"start":{"line":4,"column":0},"end":{"line":4,"column":31}},"3":{"start":{"line":5,"column":0},"end":{"line":5,"column":41}},"4":{"start":{"line":14,"column":2},"end":{"line":43,"column":null}},"5":{"start":{"line":15,"column":41},"end":{"line":15,"column":49}},"6":{"start":{"line":16,"column":20},"end":{"line":17,"column":null}},"7":{"start":{"line":20,"column":3},"end":{"line":24,"column":null}},"8":{"start":{"line":21,"column":4},"end":{"line":23,"column":null}},"9":{"start":{"line":26,"column":23},"end":{"line":26,"column":90}},"10":{"start":{"line":28,"column":3},"end":{"line":33,"column":null}},"11":{"start":{"line":30,"column":4},"end":{"line":30,"column":null}},"12":{"start":{"line":32,"column":4},"end":{"line":32,"column":null}},"13":{"start":{"line":35,"column":3},"end":{"line":38,"column":null}},"14":{"start":{"line":40,"column":3},"end":{"line":42,"column":null}},"15":{"start":{"line":53,"column":2},"end":{"line":95,"column":null}},"16":{"start":{"line":54,"column":30},"end":{"line":54,"column":38}},"17":{"start":{"line":55,"column":24},"end":{"line":55,"column":36}},"18":{"start":{"line":57,"column":3},"end":{"line":89,"column":null}},"19":{"start":{"line":57,"column":38},"end":{"line":89,"column":5}},"20":{"start":{"line":58,"column":21},"end":{"line":58,"column":94}},"21":{"start":{"line":60,"column":21},"end":{"line":60,"column":83}},"22":{"start":{"line":62,"column":31},"end":{"line":62,"column":70}},"23":{"start":{"line":64,"column":4},"end":{"line":68,"column":null}},"24":{"start":{"line":65,"column":5},"end":{"line":67,"column":null}},"25":{"start":{"line":70,"column":21},"end":{"line":75,"column":6}},"26":{"start":{"line":78,"column":4},"end":{"line":84,"column":null}},"27":{"start":{"line":86,"column":4},"end":{"line":88,"column":null}},"28":{"start":{"line":91,"column":6},"end":{"line":91,"column":null}},"29":{"start":{"line":92,"column":3},"end":{"line":94,"column":null}},"30":{"start":{"line":6,"column":0},"end":{"line":6,"column":21}}},"fnMap":{"0":{"name":"(anonymous_8)","decl":{"start":{"line":13,"column":8},"end":{"line":13,"column":14}},"loc":{"start":{"line":13,"column":62},"end":{"line":44,"column":null}}},"1":{"name":"(anonymous_10)","decl":{"start":{"line":52,"column":8},"end":{"line":52,"column":14}},"loc":{"start":{"line":52,"column":57},"end":{"line":96,"column":null}}},"2":{"name":"(anonymous_12)","decl":{"start":{"line":57,"column":24},"end":{"line":57,"column":31}},"loc":{"start":{"line":57,"column":38},"end":{"line":89,"column":5}}},"3":{"name":"(anonymous_13)","decl":{"start":{"line":57,"column":38},"end":{"line":57,"column":null}},"loc":{"start":{"line":57,"column":38},"end":{"line":89,"column":4}}}},"branchMap":{"0":{"loc":{"start":{"line":20,"column":3},"end":{"line":24,"column":null}},"type":"if","locations":[{"start":{"line":20,"column":3},"end":{"line":24,"column":null}}]},"1":{"loc":{"start":{"line":28,"column":3},"end":{"line":33,"column":null}},"type":"if","locations":[{"start":{"line":28,"column":3},"end":{"line":33,"column":null}}]},"2":{"loc":{"start":{"line":28,"column":7},"end":{"line":28,"column":48}},"type":"binary-expr","locations":[{"start":{"line":28,"column":7},"end":{"line":28,"column":19}},{"start":{"line":28,"column":23},"end":{"line":28,"column":48}}]},"3":{"loc":{"start":{"line":64,"column":4},"end":{"line":68,"column":null}},"type":"if","locations":[{"start":{"line":64,"column":4},"end":{"line":68,"column":null}}]}},"s":{"0":3,"1":3,"2":3,"3":3,"4":0,"5":0,"6":0,"7":0,"8":0,"9":0,"10":0,"11":0,"12":0,"13":0,"14":0,"15":0,"16":0,"17":0,"18":0,"19":0,"20":0,"21":0,"22":0,"23":0,"24":0,"25":0,"26":0,"27":0,"28":0,"29":0,"30":3},"f":{"0":0,"1":0,"2":0,"3":0},"b":{"0":[0],"1":[0],"2":[0,0],"3":[0]}}
,"/Users/ElvisO/Workspace/lendsqr/src/controllers/Auth/LoginController.ts": {"path":"/Users/ElvisO/Workspace/lendsqr/src/controllers/Auth/LoginController.ts","statementMap":{"0":{"start":{"line":2,"column":0},"end":{"line":2,"column":27}},"1":{"start":{"line":3,"column":0},"end":{"line":3,"column":39}},"2":{"start":{"line":4,"column":0},"end":{"line":4,"column":34}},"3":{"start":{"line":8,"column":2},"end":{"line":37,"column":null}},"4":{"start":{"line":9,"column":31},"end":{"line":9,"column":39}},"5":{"start":{"line":10,"column":16},"end":{"line":10,"column":80}},"6":{"start":{"line":12,"column":25},"end":{"line":12,"column":69}},"7":{"start":{"line":14,"column":3},"end":{"line":18,"column":null}},"8":{"start":{"line":15,"column":4},"end":{"line":17,"column":null}},"9":{"start":{"line":20,"column":3},"end":{"line":24,"column":null}},"10":{"start":{"line":21,"column":4},"end":{"line":23,"column":null}},"11":{"start":{"line":26,"column":17},"end":{"line":26,"column":61}},"12":{"start":{"line":28,"column":3},"end":{"line":32,"column":null}},"13":{"start":{"line":34,"column":3},"end":{"line":36,"column":null}},"14":{"start":{"line":6,"column":0},"end":{"line":6,"column":21}}},"fnMap":{"0":{"name":"(anonymous_8)","decl":{"start":{"line":7,"column":8},"end":{"line":7,"column":14}},"loc":{"start":{"line":7,"column":54},"end":{"line":38,"column":null}}}},"branchMap":{"0":{"loc":{"start":{"line":14,"column":3},"end":{"line":18,"column":null}},"type":"if","locations":[{"start":{"line":14,"column":3},"end":{"line":18,"column":null}}]},"1":{"loc":{"start":{"line":20,"column":3},"end":{"line":24,"column":null}},"type":"if","locations":[{"start":{"line":20,"column":3},"end":{"line":24,"column":null}}]}},"s":{"0":3,"1":3,"2":3,"3":0,"4":0,"5":0,"6":0,"7":0,"8":0,"9":0,"10":0,"11":0,"12":0,"13":0,"14":3},"f":{"0":0},"b":{"0":[0],"1":[0]}}
,"/Users/ElvisO/Workspace/lendsqr/src/controllers/Auth/SignUpController.ts": {"path":"/Users/ElvisO/Workspace/lendsqr/src/controllers/Auth/SignUpController.ts","statementMap":{"0":{"start":{"line":2,"column":0},"end":{"line":2,"column":27}},"1":{"start":{"line":3,"column":0},"end":{"line":3,"column":29}},"2":{"start":{"line":4,"column":0},"end":{"line":4,"column":34}},"3":{"start":{"line":5,"column":0},"end":{"line":5,"column":44}},"4":{"start":{"line":9,"column":2},"end":{"line":38,"column":null}},"5":{"start":{"line":11,"column":64},"end":{"line":11,"column":72}},"6":{"start":{"line":13,"column":26},"end":{"line":13,"column":53}},"7":{"start":{"line":15,"column":16},"end":{"line":22,"column":5}},"8":{"start":{"line":24,"column":20},"end":{"line":24,"column":66}},"9":{"start":{"line":26,"column":3},"end":{"line":26,"column":null}},"10":{"start":{"line":28,"column":3},"end":{"line":28,"column":null}},"11":{"start":{"line":30,"column":3},"end":{"line":33,"column":null}},"12":{"start":{"line":35,"column":3},"end":{"line":37,"column":null}},"13":{"start":{"line":7,"column":0},"end":{"line":7,"column":21}}},"fnMap":{"0":{"name":"(anonymous_8)","decl":{"start":{"line":8,"column":8},"end":{"line":8,"column":14}},"loc":{"start":{"line":8,"column":55},"end":{"line":39,"column":null}}}},"branchMap":{},"s":{"0":3,"1":3,"2":3,"3":3,"4":1,"5":1,"6":1,"7":1,"8":0,"9":0,"10":0,"11":0,"12":1,"13":3},"f":{"0":1},"b":{}}
,"/Users/ElvisO/Workspace/lendsqr/src/database/db.ts": {"path":"/Users/ElvisO/Workspace/lendsqr/src/database/db.ts","statementMap":{"0":{"start":{"line":1,"column":0},"end":{"line":1,"column":23}},"1":{"start":{"line":2,"column":0},"end":{"line":2,"column":31}},"2":{"start":{"line":5,"column":20},"end":{"line":5,"column":65}},"3":{"start":{"line":7,"column":11},"end":{"line":7,"column":28}},"4":{"start":{"line":9,"column":0},"end":{"line":9,"column":null}}},"fnMap":{},"branchMap":{"0":{"loc":{"start":{"line":5,"column":27},"end":{"line":5,"column":64}},"type":"binary-expr","locations":[{"start":{"line":5,"column":27},"end":{"line":5,"column":47}},{"start":{"line":5,"column":51},"end":{"line":5,"column":64}}]}},"s":{"0":3,"1":3,"2":3,"3":3,"4":3},"f":{},"b":{"0":[3,0]}}
,"/Users/ElvisO/Workspace/lendsqr/src/database/knexfile.ts": {"path":"/Users/ElvisO/Workspace/lendsqr/src/database/knexfile.ts","statementMap":{"0":{"start":{"line":1,"column":0},"end":{"line":1,"column":27}},"1":{"start":{"line":4,"column":0},"end":{"line":4,"column":null}},"2":{"start":{"line":7,"column":47},"end":{"line":77,"column":2}},"3":{"start":{"line":79,"column":0},"end":{"line":79,"column":22}}},"fnMap":{},"branchMap":{},"s":{"0":3,"1":3,"2":3,"3":3},"f":{},"b":{}}
,"/Users/ElvisO/Workspace/lendsqr/src/events/events.ts": {"path":"/Users/ElvisO/Workspace/lendsqr/src/events/events.ts","statementMap":{"0":{"start":{"line":1,"column":0},"end":{"line":1,"column":33}},"1":{"start":{"line":2,"column":0},"end":{"line":2,"column":27}},"2":{"start":{"line":3,"column":0},"end":{"line":3,"column":31}},"3":{"start":{"line":4,"column":0},"end":{"line":4,"column":49}},"4":{"start":{"line":6,"column":22},"end":{"line":6,"column":40}},"5":{"start":{"line":7,"column":0},"end":{"line":7,"column":null}},"6":{"start":{"line":9,"column":15},"end":{"line":9,"column":24}},"7":{"start":{"line":11,"column":0},"end":{"line":20,"column":null}},"8":{"start":{"line":11,"column":50},"end":{"line":20,"column":2}},"9":{"start":{"line":12,"column":16},"end":{"line":17,"column":6}},"10":{"start":{"line":19,"column":4},"end":{"line":19,"column":null}},"11":{"start":{"line":23,"column":0},"end":{"line":41,"column":null}},"12":{"start":{"line":23,"column":58},"end":{"line":41,"column":2}},"13":{"start":{"line":24,"column":16},"end":{"line":30,"column":6}},"14":{"start":{"line":32,"column":4},"end":{"line":40,"column":null}},"15":{"start":{"line":46,"column":1},"end":{"line":51,"column":null}},"16":{"start":{"line":46,"column":51},"end":{"line":51,"column":2}},"17":{"start":{"line":48,"column":21},"end":{"line":48,"column":103}},"18":{"start":{"line":50,"column":4},"end":{"line":50,"column":null}},"19":{"start":{"line":53,"column":0},"end":{"line":56,"column":null}},"20":{"start":{"line":53,"column":52},"end":{"line":56,"column":2}},"21":{"start":{"line":55,"column":18},"end":{"line":55,"column":93}}},"fnMap":{"0":{"name":"(anonymous_8)","decl":{"start":{"line":11,"column":37},"end":{"line":11,"column":43}},"loc":{"start":{"line":11,"column":50},"end":{"line":20,"column":2}}},"1":{"name":"(anonymous_9)","decl":{"start":{"line":11,"column":50},"end":{"line":11,"column":null}},"loc":{"start":{"line":11,"column":50},"end":{"line":20,"column":1}}},"2":{"name":"(anonymous_10)","decl":{"start":{"line":23,"column":45},"end":{"line":23,"column":51}},"loc":{"start":{"line":23,"column":58},"end":{"line":41,"column":2}}},"3":{"name":"(anonymous_11)","decl":{"start":{"line":23,"column":58},"end":{"line":23,"column":null}},"loc":{"start":{"line":23,"column":58},"end":{"line":41,"column":1}}},"4":{"name":"(anonymous_12)","decl":{"start":{"line":46,"column":36},"end":{"line":46,"column":42}},"loc":{"start":{"line":46,"column":51},"end":{"line":51,"column":2}}},"5":{"name":"(anonymous_13)","decl":{"start":{"line":46,"column":51},"end":{"line":46,"column":null}},"loc":{"start":{"line":46,"column":51},"end":{"line":51,"column":1}}},"6":{"name":"(anonymous_14)","decl":{"start":{"line":53,"column":37},"end":{"line":53,"column":43}},"loc":{"start":{"line":53,"column":52},"end":{"line":56,"column":2}}},"7":{"name":"(anonymous_15)","decl":{"start":{"line":53,"column":52},"end":{"line":53,"column":null}},"loc":{"start":{"line":53,"column":52},"end":{"line":56,"column":1}}}},"branchMap":{},"s":{"0":3,"1":3,"2":3,"3":3,"4":3,"5":3,"6":3,"7":3,"8":0,"9":0,"10":0,"11":3,"12":0,"13":0,"14":0,"15":3,"16":0,"17":0,"18":0,"19":3,"20":0,"21":0},"f":{"0":0,"1":0,"2":0,"3":0,"4":0,"5":0,"6":0,"7":0},"b":{}}
,"/Users/ElvisO/Workspace/lendsqr/src/middleware/authMiddleware.ts": {"path":"/Users/ElvisO/Workspace/lendsqr/src/middleware/authMiddleware.ts","statementMap":{"0":{"start":{"line":2,"column":0},"end":{"line":2,"column":39}},"1":{"start":{"line":3,"column":0},"end":{"line":3,"column":27}},"2":{"start":{"line":5,"column":0},"end":{"line":5,"column":null}},"3":{"start":{"line":9,"column":22},"end":{"line":9,"column":47}},"4":{"start":{"line":11,"column":4},"end":{"line":13,"column":null}},"5":{"start":{"line":12,"column":8},"end":{"line":12,"column":null}},"6":{"start":{"line":15,"column":34},"end":{"line":15,"column":54}},"7":{"start":{"line":16,"column":18},"end":{"line":16,"column":32}},"8":{"start":{"line":18,"column":4},"end":{"line":22,"column":null}},"9":{"start":{"line":19,"column":8},"end":{"line":21,"column":null}},"10":{"start":{"line":24,"column":20},"end":{"line":24,"column":73}},"11":{"start":{"line":25,"column":4},"end":{"line":25,"column":null}},"12":{"start":{"line":26,"column":4},"end":{"line":26,"column":null}},"13":{"start":{"line":8,"column":0},"end":{"line":8,"column":30}}},"fnMap":{"0":{"name":"authMiddleware","decl":{"start":{"line":8,"column":30},"end":{"line":8,"column":44}},"loc":{"start":{"line":8,"column":89},"end":{"line":27,"column":null}}}},"branchMap":{"0":{"loc":{"start":{"line":11,"column":4},"end":{"line":13,"column":null}},"type":"if","locations":[{"start":{"line":11,"column":4},"end":{"line":13,"column":null}}]},"1":{"loc":{"start":{"line":18,"column":4},"end":{"line":22,"column":null}},"type":"if","locations":[{"start":{"line":18,"column":4},"end":{"line":22,"column":null}}]}},"s":{"0":3,"1":3,"2":3,"3":0,"4":0,"5":0,"6":0,"7":0,"8":0,"9":0,"10":0,"11":0,"12":0,"13":3},"f":{"0":0},"b":{"0":[0],"1":[0]}}
}
