TN:
SF:build/index.js
FN:2,(anonymous_0)
FNF:1
FNH:1
FNDA:14,(anonymous_0)
DA:2,7
DA:3,14
DA:5,7
DA:6,7
DA:7,7
DA:8,7
DA:9,7
DA:10,7
DA:11,7
DA:12,7
DA:13,7
LF:11
LH:11
BRDA:2,0,0,7
BRDA:2,0,1,7
BRDA:2,0,2,7
BRDA:3,1,0,7
BRDA:3,1,1,7
BRDA:3,2,0,14
BRDA:3,2,1,14
BRF:7
BRH:7
end_of_record
TN:
SF:build/routes.js
FN:2,(anonymous_0)
FNF:1
FNH:1
FNDA:63,(anonymous_0)
DA:2,7
DA:3,63
DA:5,7
DA:6,7
DA:7,7
DA:8,7
DA:10,7
DA:12,7
DA:13,7
DA:14,7
DA:15,7
DA:16,7
DA:17,7
DA:18,7
DA:19,7
DA:20,7
DA:21,7
DA:22,7
DA:23,7
DA:24,7
DA:25,7
DA:26,7
LF:22
LH:22
BRDA:2,0,0,7
BRDA:2,0,1,7
BRDA:2,0,2,7
BRDA:3,1,0,56
BRDA:3,1,1,7
BRDA:3,2,0,63
BRDA:3,2,1,63
BRF:7
BRH:7
end_of_record
TN:
SF:build/config/axios-paystack.js
FN:2,(anonymous_0)
FNF:1
FNH:1
FNDA:7,(anonymous_0)
DA:2,7
DA:3,7
DA:5,7
DA:6,7
DA:7,7
DA:13,7
LF:6
LH:6
BRDA:2,0,0,7
BRDA:2,0,1,7
BRDA:2,0,2,7
BRDA:3,1,0,0
BRDA:3,1,1,7
BRDA:3,2,0,7
BRDA:3,2,1,7
BRF:7
BRH:6
end_of_record
TN:
SF:build/config/rabbitmq.js
FN:2,(anonymous_0)
FN:3,adopt
FN:3,(anonymous_2)
FN:4,(anonymous_3)
FN:5,fulfilled
FN:6,rejected
FN:7,step
FN:11,(anonymous_7)
FN:22,(anonymous_8)
FN:23,(anonymous_9)
FN:32,(anonymous_10)
FN:33,(anonymous_11)
FN:50,(anonymous_12)
FN:51,(anonymous_13)
FN:55,(anonymous_14)
FNF:15
FNH:1
FNDA:0,(anonymous_0)
FNDA:0,adopt
FNDA:0,(anonymous_2)
FNDA:0,(anonymous_3)
FNDA:0,fulfilled
FNDA:0,rejected
FNDA:0,step
FNDA:14,(anonymous_7)
FNDA:0,(anonymous_8)
FNDA:0,(anonymous_9)
FNDA:0,(anonymous_10)
FNDA:0,(anonymous_11)
FNDA:0,(anonymous_12)
FNDA:0,(anonymous_13)
FNDA:0,(anonymous_14)
DA:2,7
DA:3,0
DA:4,0
DA:5,0
DA:6,0
DA:7,0
DA:8,0
DA:11,7
DA:12,14
DA:14,7
DA:15,7
DA:16,7
DA:17,7
DA:23,0
DA:24,0
DA:33,0
DA:34,0
DA:35,0
DA:36,0
DA:37,0
DA:38,0
DA:39,0
DA:42,0
DA:51,0
DA:52,0
DA:53,0
DA:54,0
DA:55,0
DA:56,0
DA:57,0
DA:59,0
DA:60,0
DA:61,0
DA:66,0
DA:71,7
LF:35
LH:8
BRDA:2,0,0,7
BRDA:2,0,1,7
BRDA:2,0,2,7
BRDA:3,1,0,0
BRDA:3,1,1,0
BRDA:4,2,0,0
BRDA:4,2,1,0
BRDA:7,3,0,0
BRDA:7,3,1,0
BRDA:8,4,0,0
BRDA:8,4,1,0
BRDA:11,5,0,7
BRDA:11,5,1,7
BRDA:11,5,2,7
BRDA:12,6,0,7
BRDA:12,6,1,7
BRDA:12,7,0,14
BRDA:12,7,1,14
BRDA:56,8,0,0
BRDA:56,8,1,0
BRF:20
BRH:10
end_of_record
TN:
SF:build/controllers/CreateAccountController.js
FN:2,(anonymous_0)
FN:3,adopt
FN:3,(anonymous_2)
FN:4,(anonymous_3)
FN:5,fulfilled
FN:6,rejected
FN:7,step
FN:11,(anonymous_7)
FN:25,(anonymous_8)
FN:26,(anonymous_9)
FNF:10
FNH:1
FNDA:0,(anonymous_0)
FNDA:0,adopt
FNDA:0,(anonymous_2)
FNDA:0,(anonymous_3)
FNDA:0,fulfilled
FNDA:0,rejected
FNDA:0,step
FNDA:14,(anonymous_7)
FNDA:0,(anonymous_8)
FNDA:0,(anonymous_9)
DA:2,7
DA:3,0
DA:4,0
DA:5,0
DA:6,0
DA:7,0
DA:8,0
DA:11,7
DA:12,14
DA:14,7
DA:15,7
DA:16,7
DA:17,7
DA:26,0
DA:27,0
DA:28,0
DA:29,0
DA:30,0
DA:33,0
DA:36,0
DA:37,0
DA:46,0
DA:52,0
DA:53,0
DA:61,7
LF:25
LH:8
BRDA:2,0,0,7
BRDA:2,0,1,7
BRDA:2,0,2,7
BRDA:3,1,0,0
BRDA:3,1,1,0
BRDA:4,2,0,0
BRDA:4,2,1,0
BRDA:7,3,0,0
BRDA:7,3,1,0
BRDA:8,4,0,0
BRDA:8,4,1,0
BRDA:11,5,0,7
BRDA:11,5,1,7
BRDA:11,5,2,7
BRDA:12,6,0,14
BRDA:12,6,1,0
BRDA:12,7,0,14
BRDA:12,7,1,14
BRDA:29,8,0,0
BRDA:29,8,1,0
BRDA:36,9,0,0
BRDA:36,9,1,0
BRF:22
BRH:9
end_of_record
TN:
SF:build/controllers/HealthCheckController.js
FN:2,(anonymous_0)
FN:3,adopt
FN:3,(anonymous_2)
FN:4,(anonymous_3)
FN:5,fulfilled
FN:6,rejected
FN:7,step
FN:13,(anonymous_7)
FN:14,(anonymous_8)
FNF:9
FNH:5
FNDA:1,(anonymous_0)
FNDA:0,adopt
FNDA:0,(anonymous_2)
FNDA:1,(anonymous_3)
FNDA:0,fulfilled
FNDA:0,rejected
FNDA:1,step
FNDA:1,(anonymous_7)
FNDA:1,(anonymous_8)
DA:2,7
DA:3,0
DA:4,1
DA:5,0
DA:6,0
DA:7,1
DA:8,1
DA:11,7
DA:14,1
DA:15,1
DA:22,7
LF:11
LH:8
BRDA:2,0,0,7
BRDA:2,0,1,7
BRDA:2,0,2,7
BRDA:3,1,0,0
BRDA:3,1,1,0
BRDA:4,2,0,1
BRDA:4,2,1,1
BRDA:7,3,0,1
BRDA:7,3,1,0
BRDA:8,4,0,1
BRDA:8,4,1,1
BRF:11
BRH:8
end_of_record
TN:
SF:build/controllers/InternalTransferController.js
FN:2,(anonymous_0)
FN:3,adopt
FN:3,(anonymous_2)
FN:4,(anonymous_3)
FN:5,fulfilled
FN:6,rejected
FN:7,step
FN:11,(anonymous_7)
FN:19,(anonymous_8)
FN:20,(anonymous_9)
FN:27,(anonymous_10)
FN:27,(anonymous_11)
FNF:12
FNH:9
FNDA:1,(anonymous_0)
FNDA:1,adopt
FNDA:1,(anonymous_2)
FNDA:1,(anonymous_3)
FNDA:0,fulfilled
FNDA:1,rejected
FNDA:2,step
FNDA:14,(anonymous_7)
FNDA:1,(anonymous_8)
FNDA:1,(anonymous_9)
FNDA:0,(anonymous_10)
FNDA:0,(anonymous_11)
DA:2,7
DA:3,1
DA:4,1
DA:5,0
DA:6,1
DA:7,2
DA:8,1
DA:11,7
DA:12,14
DA:14,7
DA:15,7
DA:16,7
DA:17,7
DA:20,1
DA:21,1
DA:23,1
DA:24,1
DA:25,1
DA:26,1
DA:27,1
DA:28,0
DA:31,0
DA:32,0
DA:37,0
DA:39,0
DA:47,0
DA:55,0
DA:60,1
DA:67,7
LF:29
LH:21
BRDA:2,0,0,7
BRDA:2,0,1,7
BRDA:2,0,2,7
BRDA:3,1,0,0
BRDA:3,1,1,1
BRDA:4,2,0,1
BRDA:4,2,1,1
BRDA:7,3,0,1
BRDA:7,3,1,1
BRDA:8,4,0,1
BRDA:8,4,1,1
BRDA:11,5,0,7
BRDA:11,5,1,7
BRDA:11,5,2,7
BRDA:12,6,0,7
BRDA:12,6,1,7
BRDA:12,7,0,14
BRDA:12,7,1,14
BRDA:31,8,0,0
BRDA:31,8,1,0
BRF:20
BRH:17
end_of_record
TN:
SF:build/controllers/WebhookController.js
FN:2,(anonymous_0)
FN:3,adopt
FN:3,(anonymous_2)
FN:4,(anonymous_3)
FN:5,fulfilled
FN:6,rejected
FN:7,step
FN:11,(anonymous_7)
FN:20,(anonymous_8)
FN:21,(anonymous_9)
FNF:10
FNH:6
FNDA:1,(anonymous_0)
FNDA:0,adopt
FNDA:0,(anonymous_2)
FNDA:1,(anonymous_3)
FNDA:0,fulfilled
FNDA:0,rejected
FNDA:1,step
FNDA:21,(anonymous_7)
FNDA:1,(anonymous_8)
FNDA:1,(anonymous_9)
DA:2,7
DA:3,0
DA:4,1
DA:5,0
DA:6,0
DA:7,1
DA:8,1
DA:11,7
DA:12,21
DA:14,7
DA:15,7
DA:16,7
DA:17,7
DA:18,7
DA:21,1
DA:22,1
DA:23,1
DA:24,1
DA:25,1
DA:26,0
DA:27,1
DA:28,1
DA:29,1
DA:30,1
DA:31,0
DA:33,1
DA:37,0
DA:44,7
LF:28
LH:22
BRDA:2,0,0,7
BRDA:2,0,1,7
BRDA:2,0,2,7
BRDA:3,1,0,0
BRDA:3,1,1,0
BRDA:4,2,0,1
BRDA:4,2,1,1
BRDA:7,3,0,1
BRDA:7,3,1,0
BRDA:8,4,0,1
BRDA:8,4,1,1
BRDA:11,5,0,7
BRDA:11,5,1,7
BRDA:11,5,2,7
BRDA:12,6,0,7
BRDA:12,6,1,14
BRDA:12,7,0,21
BRDA:12,7,1,21
BRDA:25,8,0,0
BRDA:25,8,1,1
BRDA:28,9,0,1
BRDA:28,9,1,0
BRDA:30,10,0,0
BRDA:30,10,1,1
BRF:24
BRH:18
end_of_record
TN:
SF:build/controllers/WithdrawalsController.js
FN:2,(anonymous_0)
FN:3,adopt
FN:3,(anonymous_2)
FN:4,(anonymous_3)
FN:5,fulfilled
FN:6,rejected
FN:7,step
FN:11,(anonymous_7)
FN:26,(anonymous_8)
FN:27,(anonymous_9)
FN:60,(anonymous_10)
FN:61,(anonymous_11)
FN:65,(anonymous_12)
FN:65,(anonymous_13)
FNF:14
FNH:1
FNDA:0,(anonymous_0)
FNDA:0,adopt
FNDA:0,(anonymous_2)
FNDA:0,(anonymous_3)
FNDA:0,fulfilled
FNDA:0,rejected
FNDA:0,step
FNDA:21,(anonymous_7)
FNDA:0,(anonymous_8)
FNDA:0,(anonymous_9)
FNDA:0,(anonymous_10)
FNDA:0,(anonymous_11)
FNDA:0,(anonymous_12)
FNDA:0,(anonymous_13)
DA:2,7
DA:3,0
DA:4,0
DA:5,0
DA:6,0
DA:7,0
DA:8,0
DA:11,7
DA:12,21
DA:14,7
DA:15,7
DA:16,7
DA:17,7
DA:18,7
DA:27,0
DA:28,0
DA:29,0
DA:30,0
DA:31,0
DA:32,0
DA:36,0
DA:37,0
DA:39,0
DA:40,0
DA:42,0
DA:48,0
DA:61,0
DA:62,0
DA:63,0
DA:64,0
DA:65,0
DA:66,0
DA:67,0
DA:68,0
DA:69,0
DA:70,0
DA:74,0
DA:81,0
DA:88,0
DA:94,0
DA:95,0
DA:102,7
LF:42
LH:9
BRDA:2,0,0,7
BRDA:2,0,1,7
BRDA:2,0,2,7
BRDA:3,1,0,0
BRDA:3,1,1,0
BRDA:4,2,0,0
BRDA:4,2,1,0
BRDA:7,3,0,0
BRDA:7,3,1,0
BRDA:8,4,0,0
BRDA:8,4,1,0
BRDA:11,5,0,7
BRDA:11,5,1,7
BRDA:11,5,2,7
BRDA:12,6,0,21
BRDA:12,6,1,0
BRDA:12,7,0,21
BRDA:12,7,1,21
BRDA:31,8,0,0
BRDA:31,8,1,0
BRDA:37,9,0,0
BRDA:37,9,1,0
BRDA:37,10,0,0
BRDA:37,10,1,0
BRDA:69,11,0,0
BRDA:69,11,1,0
BRF:26
BRH:9
end_of_record
TN:
SF:build/controllers/Auth/LoginController.js
FN:2,(anonymous_0)
FN:3,adopt
FN:3,(anonymous_2)
FN:4,(anonymous_3)
FN:5,fulfilled
FN:6,rejected
FN:7,step
FN:11,(anonymous_7)
FN:19,(anonymous_8)
FN:20,(anonymous_9)
FNF:10
FNH:9
FNDA:1,(anonymous_0)
FNDA:1,adopt
FNDA:1,(anonymous_2)
FNDA:1,(anonymous_3)
FNDA:0,fulfilled
FNDA:1,rejected
FNDA:2,step
FNDA:21,(anonymous_7)
FNDA:1,(anonymous_8)
FNDA:1,(anonymous_9)
DA:2,7
DA:3,1
DA:4,1
DA:5,0
DA:6,1
DA:7,2
DA:8,1
DA:11,7
DA:12,21
DA:14,7
DA:15,7
DA:16,7
DA:17,7
DA:20,1
DA:21,1
DA:22,1
DA:23,1
DA:24,0
DA:25,0
DA:26,0
DA:30,0
DA:31,0
DA:35,0
DA:36,0
DA:43,1
DA:50,7
LF:26
LH:18
BRDA:2,0,0,7
BRDA:2,0,1,7
BRDA:2,0,2,7
BRDA:3,1,0,0
BRDA:3,1,1,1
BRDA:4,2,0,1
BRDA:4,2,1,1
BRDA:7,3,0,1
BRDA:7,3,1,1
BRDA:8,4,0,1
BRDA:8,4,1,1
BRDA:11,5,0,7
BRDA:11,5,1,7
BRDA:11,5,2,7
BRDA:12,6,0,7
BRDA:12,6,1,14
BRDA:12,7,0,21
BRDA:12,7,1,21
BRDA:25,8,0,0
BRDA:25,8,1,0
BRDA:30,9,0,0
BRDA:30,9,1,0
BRF:22
BRH:17
end_of_record
TN:
SF:build/controllers/Auth/SignUpController.js
FN:2,(anonymous_0)
FN:3,adopt
FN:3,(anonymous_2)
FN:4,(anonymous_3)
FN:5,fulfilled
FN:6,rejected
FN:7,step
FN:11,(anonymous_7)
FN:20,(anonymous_8)
FN:21,(anonymous_9)
FNF:10
FNH:10
FNDA:1,(anonymous_0)
FNDA:2,adopt
FNDA:1,(anonymous_2)
FNDA:1,(anonymous_3)
FNDA:1,fulfilled
FNDA:1,rejected
FNDA:3,step
FNDA:21,(anonymous_7)
FNDA:1,(anonymous_8)
FNDA:1,(anonymous_9)
DA:2,7
DA:3,2
DA:4,1
DA:5,1
DA:6,1
DA:7,3
DA:8,1
DA:11,7
DA:12,21
DA:14,7
DA:15,7
DA:16,7
DA:17,7
DA:18,7
DA:21,1
DA:22,1
DA:24,1
DA:25,1
DA:26,1
DA:34,0
DA:35,0
DA:36,0
DA:37,0
DA:43,1
DA:50,7
LF:25
LH:21
BRDA:2,0,0,7
BRDA:2,0,1,7
BRDA:2,0,2,7
BRDA:3,1,0,1
BRDA:3,1,1,1
BRDA:4,2,0,1
BRDA:4,2,1,1
BRDA:7,3,0,1
BRDA:7,3,1,2
BRDA:8,4,0,1
BRDA:8,4,1,1
BRDA:11,5,0,7
BRDA:11,5,1,7
BRDA:11,5,2,7
BRDA:12,6,0,14
BRDA:12,6,1,7
BRDA:12,7,0,21
BRDA:12,7,1,21
BRF:18
BRH:18
end_of_record
TN:
SF:build/database/db.js
FN:2,(anonymous_0)
FNF:1
FNH:1
FNDA:14,(anonymous_0)
DA:2,7
DA:3,14
DA:5,7
DA:6,7
DA:7,7
DA:9,7
DA:10,7
DA:11,7
LF:8
LH:8
BRDA:2,0,0,7
BRDA:2,0,1,7
BRDA:2,0,2,7
BRDA:3,1,0,7
BRDA:3,1,1,7
BRDA:3,2,0,14
BRDA:3,2,1,14
BRDA:9,3,0,7
BRDA:9,3,1,0
BRF:9
BRH:8
end_of_record
TN:
SF:build/database/knexfile.js
FN:2,(anonymous_0)
FNF:1
FNH:1
FNDA:7,(anonymous_0)
DA:2,7
DA:3,7
DA:5,7
DA:6,7
DA:7,7
DA:9,7
DA:75,7
LF:7
LH:7
BRDA:2,0,0,7
BRDA:2,0,1,7
BRDA:2,0,2,7
BRDA:3,1,0,0
BRDA:3,1,1,7
BRDA:3,2,0,7
BRDA:3,2,1,7
BRF:7
BRH:6
end_of_record
TN:
SF:build/events/events.js
FN:2,(anonymous_0)
FN:3,adopt
FN:3,(anonymous_2)
FN:4,(anonymous_3)
FN:5,fulfilled
FN:6,rejected
FN:7,step
FN:11,(anonymous_7)
FN:22,(anonymous_8)
FN:22,(anonymous_9)
FN:32,(anonymous_10)
FN:32,(anonymous_11)
FN:53,(anonymous_12)
FN:53,(anonymous_13)
FN:59,(anonymous_14)
FN:59,(anonymous_15)
FNF:16
FNH:8
FNDA:1,(anonymous_0)
FNDA:1,adopt
FNDA:1,(anonymous_2)
FNDA:1,(anonymous_3)
FNDA:0,fulfilled
FNDA:0,rejected
FNDA:1,step
FNDA:21,(anonymous_7)
FNDA:0,(anonymous_8)
FNDA:0,(anonymous_9)
FNDA:0,(anonymous_10)
FNDA:0,(anonymous_11)
FNDA:0,(anonymous_12)
FNDA:0,(anonymous_13)
FNDA:1,(anonymous_14)
FNDA:1,(anonymous_15)
DA:2,7
DA:3,1
DA:4,1
DA:5,0
DA:6,0
DA:7,1
DA:8,1
DA:11,7
DA:12,21
DA:14,7
DA:15,7
DA:16,7
DA:17,7
DA:18,7
DA:19,7
DA:20,7
DA:21,7
DA:22,7
DA:23,0
DA:29,0
DA:32,7
DA:33,0
DA:40,0
DA:53,7
DA:55,0
DA:57,0
DA:59,7
DA:61,1
LF:28
LH:20
BRDA:2,0,0,7
BRDA:2,0,1,7
BRDA:2,0,2,7
BRDA:3,1,0,0
BRDA:3,1,1,1
BRDA:4,2,0,1
BRDA:4,2,1,1
BRDA:7,3,0,0
BRDA:7,3,1,1
BRDA:8,4,0,1
BRDA:8,4,1,1
BRDA:11,5,0,7
BRDA:11,5,1,7
BRDA:11,5,2,7
BRDA:12,6,0,14
BRDA:12,6,1,7
BRDA:12,7,0,21
BRDA:12,7,1,21
BRF:18
BRH:16
end_of_record
TN:
SF:build/middleware/authMiddleware.js
FN:2,(anonymous_0)
FN:3,adopt
FN:3,(anonymous_2)
FN:4,(anonymous_3)
FN:5,fulfilled
FN:6,rejected
FN:7,step
FN:11,(anonymous_7)
FN:18,authMiddleware
FN:19,(anonymous_9)
FNF:10
FNH:9
FNDA:1,(anonymous_0)
FNDA:1,adopt
FNDA:1,(anonymous_2)
FNDA:1,(anonymous_3)
FNDA:1,fulfilled
FNDA:0,rejected
FNDA:2,step
FNDA:14,(anonymous_7)
FNDA:1,authMiddleware
FNDA:1,(anonymous_9)
DA:2,7
DA:3,1
DA:4,1
DA:5,1
DA:6,0
DA:7,2
DA:8,1
DA:11,7
DA:12,14
DA:14,7
DA:15,7
DA:16,7
DA:17,7
DA:19,1
DA:20,1
DA:21,1
DA:22,0
DA:24,1
DA:25,1
DA:26,1
DA:27,0
DA:31,1
DA:32,1
DA:33,1
DA:36,7
LF:25
LH:22
BRDA:2,0,0,7
BRDA:2,0,1,7
BRDA:2,0,2,7
BRDA:3,1,0,0
BRDA:3,1,1,1
BRDA:4,2,0,1
BRDA:4,2,1,1
BRDA:7,3,0,1
BRDA:7,3,1,1
BRDA:8,4,0,1
BRDA:8,4,1,1
BRDA:11,5,0,7
BRDA:11,5,1,7
BRDA:11,5,2,7
BRDA:12,6,0,0
BRDA:12,6,1,14
BRDA:12,7,0,14
BRDA:12,7,1,14
BRDA:21,8,0,0
BRDA:21,8,1,1
BRDA:26,9,0,0
BRDA:26,9,1,1
BRF:22
BRH:18
end_of_record
TN:
SF:build/test/fixtures/users.js
FNF:0
FNH:0
DA:2,4
DA:3,4
DA:4,4
LF:3
LH:3
BRF:0
BRH:0
end_of_record
TN:
SF:build/test/fixtures/webhookEncryptedHeader.js
FNF:0
FNH:0
DA:2,1
DA:3,1
DA:4,1
LF:3
LH:3
BRF:0
BRH:0
end_of_record
TN:
SF:build/test/fixtures/webhookPayload.js
FNF:0
FNH:0
DA:2,1
DA:3,1
DA:4,1
LF:3
LH:3
BRF:0
BRH:0
end_of_record
TN:
SF:src/index.ts
FNF:0
FNH:0
DA:1,6
DA:2,6
DA:3,6
DA:5,6
DA:7,6
DA:8,6
DA:9,6
DA:11,6
LF:8
LH:8
BRF:0
BRH:0
end_of_record
TN:
SF:src/routes.ts
FNF:0
FNH:0
DA:1,6
DA:2,6
DA:4,6
DA:7,6
DA:9,6
DA:10,6
DA:11,6
DA:12,6
DA:13,6
DA:14,6
DA:16,6
DA:17,6
DA:18,6
DA:19,6
DA:20,6
DA:21,6
DA:22,6
DA:23,6
LF:18
LH:18
BRF:0
BRH:0
end_of_record
TN:
SF:src/config/axios-paystack.ts
FNF:0
FNH:0
DA:1,6
DA:3,6
DA:10,6
LF:3
LH:3
BRF:0
BRH:0
end_of_record
TN:
SF:src/config/messageQueue.ts
FN:9,(anonymous_8)
FN:18,(anonymous_10)
FN:35,(anonymous_12)
FN:39,(anonymous_14)
FNF:4
FNH:0
FNDA:0,(anonymous_8)
FNDA:0,(anonymous_10)
FNDA:0,(anonymous_12)
FNDA:0,(anonymous_14)
DA:1,6
DA:2,6
DA:3,6
DA:5,6
DA:10,0
DA:19,0
DA:20,0
DA:21,0
DA:22,0
DA:23,0
DA:24,0
DA:26,0
DA:36,0
DA:37,0
DA:38,0
DA:39,0
DA:40,0
DA:41,0
DA:43,0
DA:44,0
DA:45,0
DA:49,0
LF:22
LH:4
BRDA:40,0,0,0
BRF:1
BRH:0
end_of_record
TN:
SF:src/controllers/CreateAccountController.ts
FN:12,(anonymous_8)
FNF:1
FNH:1
FNDA:1,(anonymous_8)
DA:2,6
DA:3,6
DA:4,6
DA:5,6
DA:13,1
DA:14,1
DA:16,0
DA:20,0
DA:24,0
DA:25,0
DA:35,0
DA:40,1
DA:42,1
LF:13
LH:8
BRDA:16,0,0,0
BRDA:24,1,0,0
BRF:2
BRH:0
end_of_record
TN:
SF:src/controllers/HealthCheckController.ts
FN:4,(anonymous_7)
FNF:1
FNH:1
FNDA:1,(anonymous_7)
DA:3,6
DA:5,1
LF:2
LH:2
BRF:0
BRH:0
end_of_record
TN:
SF:src/controllers/InternalTransferController.ts
FN:8,(anonymous_8)
FN:16,(anonymous_10)
FN:16,(anonymous_11)
FNF:3
FNH:1
FNDA:1,(anonymous_8)
FNDA:0,(anonymous_10)
FNDA:0,(anonymous_11)
DA:2,6
DA:3,6
DA:5,6
DA:7,6
DA:9,1
DA:11,1
DA:12,1
DA:13,1
DA:14,1
DA:16,1
DA:17,0
DA:21,0
DA:22,0
DA:28,0
DA:31,0
DA:40,0
DA:49,0
DA:53,1
LF:18
LH:11
BRDA:21,0,0,0
BRF:1
BRH:0
end_of_record
TN:
SF:src/controllers/WebhookController.ts
FN:7,(anonymous_8)
FNF:1
FNH:1
FNDA:1,(anonymous_8)
DA:2,6
DA:3,6
DA:4,6
DA:5,6
DA:6,6
DA:8,1
DA:9,1
DA:11,1
DA:12,1
DA:14,1
DA:16,1
DA:17,1
DA:18,1
DA:20,1
DA:23,0
LF:15
LH:14
BRDA:12,0,0,0
BRDA:16,1,0,1
BRDA:18,2,0,0
BRF:3
BRH:1
end_of_record
TN:
SF:src/controllers/WithdrawalsController.ts
FN:13,(anonymous_8)
FN:52,(anonymous_10)
FN:57,(anonymous_12)
FN:57,(anonymous_13)
FNF:4
FNH:1
FNDA:0,(anonymous_8)
FNDA:2,(anonymous_10)
FNDA:0,(anonymous_12)
FNDA:0,(anonymous_13)
DA:2,6
DA:3,6
DA:4,6
DA:5,6
DA:6,6
DA:14,0
DA:15,0
DA:16,0
DA:20,0
DA:21,0
DA:26,0
DA:28,0
DA:30,0
DA:32,0
DA:35,0
DA:40,0
DA:53,2
DA:54,2
DA:55,2
DA:57,2
DA:58,0
DA:60,0
DA:62,0
DA:64,0
DA:65,0
DA:70,0
DA:78,0
DA:86,0
DA:91,2
DA:92,2
LF:30
LH:11
BRDA:20,0,0,0
BRDA:28,1,0,0
BRDA:28,2,0,0
BRDA:28,2,1,0
BRDA:64,3,0,0
BRF:5
BRH:0
end_of_record
TN:
SF:src/controllers/Auth/AuthController.ts
FN:12,(anonymous_8)
FN:24,(anonymous_10)
FN:29,(anonymous_12)
FN:29,(anonymous_13)
FN:30,(anonymous_14)
FN:30,(anonymous_15)
FN:31,(anonymous_16)
FN:31,(anonymous_17)
FNF:8
FNH:0
FNDA:0,(anonymous_8)
FNDA:0,(anonymous_10)
FNDA:0,(anonymous_12)
FNDA:0,(anonymous_13)
FNDA:0,(anonymous_14)
FNDA:0,(anonymous_15)
FNDA:0,(anonymous_16)
FNDA:0,(anonymous_17)
DA:2,6
DA:3,6
DA:5,6
DA:14,0
DA:15,0
DA:25,0
DA:26,0
DA:29,0
DA:30,0
DA:31,0
LF:10
LH:3
BRF:0
BRH:0
end_of_record
TN:
SF:src/database/db.ts
FNF:0
FNH:0
DA:1,6
DA:2,6
DA:5,6
DA:7,6
DA:9,6
LF:5
LH:5
BRDA:5,0,0,6
BRDA:5,0,1,0
BRF:2
BRH:1
end_of_record
TN:
SF:src/database/knexfile.ts
FNF:0
FNH:0
DA:1,6
DA:4,6
DA:7,6
DA:79,6
LF:4
LH:4
BRF:0
BRH:0
end_of_record
TN:
SF:src/events/events.ts
FN:11,(anonymous_8)
FN:11,(anonymous_9)
FN:23,(anonymous_10)
FN:23,(anonymous_11)
FN:46,(anonymous_12)
FN:46,(anonymous_13)
FN:53,(anonymous_14)
FN:53,(anonymous_15)
FNF:8
FNH:2
FNDA:0,(anonymous_8)
FNDA:0,(anonymous_9)
FNDA:0,(anonymous_10)
FNDA:0,(anonymous_11)
FNDA:0,(anonymous_12)
FNDA:0,(anonymous_13)
FNDA:1,(anonymous_14)
FNDA:1,(anonymous_15)
DA:1,6
DA:2,6
DA:3,6
DA:4,6
DA:6,6
DA:7,6
DA:9,6
DA:11,6
DA:12,0
DA:19,0
DA:23,6
DA:24,0
DA:32,0
DA:46,6
DA:48,0
DA:50,0
DA:53,6
DA:55,1
LF:18
LH:12
BRF:0
BRH:0
end_of_record
TN:
SF:src/helpers/successHandler.ts
FN:12,successHandler
FNF:1
FNH:0
FNDA:0,successHandler
DA:12,6
DA:13,0
LF:2
LH:1
BRF:0
BRH:0
end_of_record
TN:
SF:src/middleware/authMiddleware.ts
FN:8,authMiddleware
FNF:1
FNH:1
FNDA:4,authMiddleware
DA:2,6
DA:3,6
DA:5,6
DA:8,6
DA:9,4
DA:11,4
DA:12,0
DA:15,4
DA:16,4
DA:18,4
DA:19,0
DA:24,4
DA:25,4
DA:26,4
LF:14
LH:12
BRDA:11,0,0,0
BRDA:18,1,0,0
BRF:2
BRH:0
end_of_record
TN:
SF:src/repository/CrudRepo.ts
FN:13,(anonymous_8)
FN:24,(anonymous_10)
FN:31,(anonymous_12)
FN:35,(anonymous_14)
FN:39,(anonymous_16)
FNF:5
FNH:0
FNDA:0,(anonymous_8)
FNDA:0,(anonymous_10)
FNDA:0,(anonymous_12)
FNDA:0,(anonymous_14)
FNDA:0,(anonymous_16)
DA:1,6
DA:6,6
DA:14,0
DA:25,0
DA:32,0
DA:36,0
DA:40,0
LF:7
LH:2
BRF:0
BRH:0
end_of_record
TN:
SF:src/services/Auth/AuthService.ts
FN:14,(anonymous_8)
FN:42,(anonymous_10)
FNF:2
FNH:0
FNDA:0,(anonymous_8)
FNDA:0,(anonymous_10)
DA:1,6
DA:2,6
DA:3,6
DA:4,6
DA:5,6
DA:8,6
DA:15,0
DA:17,0
DA:19,0
DA:21,0
DA:22,0
DA:25,0
DA:26,0
DA:29,0
DA:31,0
DA:43,0
DA:45,0
DA:47,0
DA:56,0
DA:58,0
DA:60,0
DA:62,0
LF:22
LH:6
BRDA:21,0,0,0
BRDA:25,1,0,0
BRF:2
BRH:0
end_of_record
TN:
SF:src/test/fixtures/users.ts
FNF:0
FNH:0
DA:1,3
LF:1
LH:1
BRF:0
BRH:0
end_of_record
TN:
SF:src/test/fixtures/webhookEncryptedHeader.ts
FNF:0
FNH:0
DA:1,1
LF:1
LH:1
BRF:0
BRH:0
end_of_record
TN:
SF:src/test/fixtures/webhookPayload.ts
FNF:0
FNH:0
DA:1,1
LF:1
LH:1
BRF:0
BRH:0
end_of_record
