TN:
SF:src/index.ts
FNF:0
FNH:0
DA:1,6
DA:2,6
DA:3,6
DA:5,6
DA:7,6
DA:8,6
DA:9,6
DA:11,6
LF:8
LH:8
BRF:0
BRH:0
end_of_record
TN:
SF:src/routes.ts
FNF:0
FNH:0
DA:1,6
DA:2,6
DA:4,6
DA:7,6
DA:9,6
DA:10,6
DA:11,6
DA:12,6
DA:13,6
DA:14,6
DA:15,6
DA:17,6
DA:18,6
DA:19,6
DA:20,6
DA:21,6
DA:22,6
DA:23,6
DA:24,6
LF:19
LH:19
BRF:0
BRH:0
end_of_record
TN:
SF:src/config/axios-paystack.ts
FNF:0
FNH:0
DA:1,6
DA:3,6
LF:2
LH:2
BRF:0
BRH:0
end_of_record
TN:
SF:src/config/rabbitmq.ts
FN:9,(anonymous_8)
FN:18,(anonymous_10)
FN:34,(anonymous_12)
FN:38,(anonymous_14)
FNF:4
FNH:0
FNDA:0,(anonymous_8)
FNDA:0,(anonymous_10)
FNDA:0,(anonymous_12)
FNDA:0,(anonymous_14)
DA:1,5
DA:2,5
DA:3,5
DA:5,5
DA:10,0
DA:19,0
DA:20,0
DA:21,0
DA:22,0
DA:23,0
DA:24,0
DA:26,0
DA:35,0
DA:36,0
DA:37,0
DA:38,0
DA:39,0
DA:40,0
DA:42,0
DA:43,0
DA:44,0
DA:48,0
LF:22
LH:4
BRDA:39,0,0,0
BRF:1
BRH:0
end_of_record
TN:
SF:src/controllers/CreateAccountController.ts
FN:12,(anonymous_8)
FNF:1
FNH:1
FNDA:1,(anonymous_8)
DA:2,6
DA:3,6
DA:4,6
DA:5,6
DA:13,1
DA:14,1
DA:16,1
DA:20,1
DA:25,1
DA:26,0
DA:36,0
DA:41,1
DA:43,1
LF:13
LH:11
BRDA:16,0,0,0
BRDA:25,1,0,0
BRF:2
BRH:0
end_of_record
TN:
SF:src/controllers/HealthCheckController.ts
FN:4,(anonymous_7)
FNF:1
FNH:1
FNDA:1,(anonymous_7)
DA:3,6
DA:5,1
LF:2
LH:2
BRF:0
BRH:0
end_of_record
TN:
SF:src/controllers/InternalTransferController.ts
FN:8,(anonymous_8)
FN:16,(anonymous_10)
FN:16,(anonymous_11)
FNF:3
FNH:3
FNDA:1,(anonymous_8)
FNDA:1,(anonymous_10)
FNDA:1,(anonymous_11)
DA:2,6
DA:3,6
DA:5,6
DA:7,6
DA:9,1
DA:11,1
DA:12,1
DA:13,1
DA:14,1
DA:16,1
DA:17,1
DA:21,1
DA:22,0
DA:28,1
DA:31,1
DA:40,1
DA:49,1
DA:53,0
LF:18
LH:16
BRDA:21,0,0,0
BRF:1
BRH:0
end_of_record
TN:
SF:src/controllers/WebhookController.ts
FN:7,(anonymous_8)
FNF:1
FNH:1
FNDA:1,(anonymous_8)
DA:2,6
DA:3,6
DA:4,6
DA:5,6
DA:6,6
DA:8,1
DA:9,1
DA:11,1
DA:12,1
DA:14,1
DA:16,1
DA:17,1
DA:18,1
DA:20,1
DA:23,0
LF:15
LH:14
BRDA:12,0,0,0
BRDA:16,1,0,1
BRDA:18,2,0,0
BRF:3
BRH:1
end_of_record
TN:
SF:src/controllers/WithdrawalsController.ts
FN:13,(anonymous_8)
FN:52,(anonymous_10)
FN:57,(anonymous_12)
FN:57,(anonymous_13)
FNF:4
FNH:0
FNDA:0,(anonymous_8)
FNDA:0,(anonymous_10)
FNDA:0,(anonymous_12)
FNDA:0,(anonymous_13)
DA:2,6
DA:3,6
DA:4,6
DA:5,6
DA:6,6
DA:14,0
DA:15,0
DA:16,0
DA:20,0
DA:21,0
DA:26,0
DA:28,0
DA:30,0
DA:32,0
DA:35,0
DA:40,0
DA:53,0
DA:54,0
DA:55,0
DA:57,0
DA:58,0
DA:60,0
DA:62,0
DA:64,0
DA:65,0
DA:70,0
DA:78,0
DA:86,0
DA:91,0
DA:92,0
LF:30
LH:5
BRDA:20,0,0,0
BRDA:28,1,0,0
BRDA:28,2,0,0
BRDA:28,2,1,0
BRDA:64,3,0,0
BRF:5
BRH:0
end_of_record
TN:
SF:src/controllers/Auth/LoginController.ts
FN:7,(anonymous_8)
FNF:1
FNH:1
FNDA:1,(anonymous_8)
DA:2,6
DA:3,6
DA:4,6
DA:6,6
DA:8,1
DA:9,1
DA:10,1
DA:12,1
DA:14,1
DA:15,0
DA:20,1
DA:21,0
DA:26,1
DA:28,1
DA:34,0
LF:15
LH:12
BRDA:14,0,0,0
BRDA:20,1,0,0
BRF:2
BRH:0
end_of_record
TN:
SF:src/controllers/Auth/SignUpController.ts
FN:8,(anonymous_8)
FNF:1
FNH:1
FNDA:1,(anonymous_8)
DA:2,6
DA:3,6
DA:4,6
DA:5,6
DA:7,6
DA:9,1
DA:11,1
DA:13,1
DA:15,1
DA:24,1
DA:26,1
DA:28,1
DA:30,1
DA:35,0
LF:14
LH:13
BRF:0
BRH:0
end_of_record
TN:
SF:src/database/db.ts
FNF:0
FNH:0
DA:1,6
DA:2,6
DA:5,6
DA:7,6
DA:9,6
LF:5
LH:5
BRDA:5,0,0,6
BRDA:5,0,1,0
BRF:2
BRH:1
end_of_record
TN:
SF:src/database/knexfile.ts
FNF:0
FNH:0
DA:1,6
DA:4,6
DA:7,6
DA:79,6
LF:4
LH:4
BRF:0
BRH:0
end_of_record
TN:
SF:src/events/events.ts
FN:11,(anonymous_8)
FN:11,(anonymous_9)
FN:23,(anonymous_10)
FN:23,(anonymous_11)
FN:46,(anonymous_12)
FN:46,(anonymous_13)
FN:53,(anonymous_14)
FN:53,(anonymous_15)
FNF:8
FNH:2
FNDA:0,(anonymous_8)
FNDA:0,(anonymous_9)
FNDA:0,(anonymous_10)
FNDA:0,(anonymous_11)
FNDA:0,(anonymous_12)
FNDA:0,(anonymous_13)
FNDA:1,(anonymous_14)
FNDA:1,(anonymous_15)
DA:1,6
DA:2,6
DA:3,6
DA:4,6
DA:6,6
DA:7,6
DA:9,6
DA:11,6
DA:12,0
DA:19,0
DA:23,6
DA:24,0
DA:32,0
DA:46,6
DA:48,0
DA:50,0
DA:53,6
DA:55,1
LF:18
LH:12
BRF:0
BRH:0
end_of_record
TN:
SF:src/middleware/authMiddleware.ts
FN:8,authMiddleware
FNF:1
FNH:1
FNDA:2,authMiddleware
DA:2,6
DA:3,6
DA:5,6
DA:8,6
DA:9,2
DA:11,2
DA:12,0
DA:15,2
DA:16,2
DA:18,2
DA:19,0
DA:24,2
DA:25,2
DA:26,2
LF:14
LH:12
BRDA:11,0,0,0
BRDA:18,1,0,0
BRF:2
BRH:0
end_of_record
TN:
SF:src/test/fixtures/users.ts
FNF:0
FNH:0
DA:1,3
LF:1
LH:1
BRF:0
BRH:0
end_of_record
TN:
SF:src/test/fixtures/webhookEncryptedHeader.ts
FNF:0
FNH:0
DA:1,1
LF:1
LH:1
BRF:0
BRH:0
end_of_record
TN:
SF:src/test/fixtures/webhookPayload.ts
FNF:0
FNH:0
DA:1,1
LF:1
LH:1
BRF:0
BRH:0
end_of_record
